<?xml version="1.0" encoding="UTF-8"?>
<!-- Generated by org.testng.reporters.JUnitXMLReporter -->
<testsuite ignored="20" hostname="LAPTOP-VKBHV4LJ" failures="1" tests="7" name="Smoke" time="47.985" errors="0" timestamp="2024-10-26T10:07:52 GST">
  <testcase classname="com.store.testcases.Indexpagetest" name="verifylogo" time="0.095"/>
  <testcase classname="com.store.testcases.Indexpagetest" name="verifystoretitle" time="0.047">
    <failure type="java.lang.AssertionError" message="expected [My Shops] but found [My Shop]">
      <![CDATA[java.lang.AssertionError: expected [My Shops] but found [My Shop]
at com.store.testcases.Indexpagetest.verifystoretitle(Indexpagetest.java:35)
at java.base/java.util.ArrayList.forEach(ArrayList.java:1596)
... Removed 31 stack frames]]>
    </failure>
  </testcase> <!-- verifystoretitle -->
  <testcase classname="com.store.testcases.Loginpagetest" name="Logintest" time="7.292"/>
  <testcase classname="com.store.testcases.Homepagetest" name="verifyaddmyfirstaddress" time="2.149"/>
  <testcase classname="com.store.testcases.Homepagetest" name="verifymyaccount" time="2.129"/>
  <testcase classname="com.store.testcases.Homepagetest" name="verifyorderhistory" time="2.086"/>
  <testcase classname="com.store.testcases.Searchresultpagetest" name="productsearchtest" time="1.135"/>
  <testcase classname="com.store.testcases.Addtocartpagetest" name="addtocarttest" time="0.0">
    <ignored/>
  </testcase> <!-- addtocarttest -->
  <testcase classname="com.store.testcases.Orderpagetest" name="addtocarttest" time="0.0">
    <ignored/>
  </testcase> <!-- addtocarttest -->
  <testcase classname="com.store.base.baseclass" name="@AfterSuite afterSuite" time="0.0">
    <ignored/>
  </testcase> <!-- @AfterSuite afterSuite -->
  <testcase classname="com.store.base.baseclass" name="@AfterSuite afterSuite" time="0.0">
    <ignored/>
  </testcase> <!-- @AfterSuite afterSuite -->
  <testcase classname="com.store.base.baseclass" name="@BeforeSuite loadConfig" time="0.0">
    <ignored/>
  </testcase> <!-- @BeforeSuite loadConfig -->
  <testcase classname="com.store.base.baseclass" name="@BeforeSuite loadConfig" time="0.0">
    <ignored/>
  </testcase> <!-- @BeforeSuite loadConfig -->
  <testcase classname="com.store.base.baseclass" name="@AfterSuite afterSuite" time="0.0">
    <ignored/>
  </testcase> <!-- @AfterSuite afterSuite -->
  <testcase classname="com.store.base.baseclass" name="@BeforeSuite loadConfig" time="0.0">
    <ignored/>
  </testcase> <!-- @BeforeSuite loadConfig -->
  <testcase classname="com.store.base.baseclass" name="@BeforeSuite loadConfig" time="0.0">
    <ignored/>
  </testcase> <!-- @BeforeSuite loadConfig -->
  <testcase classname="com.store.base.baseclass" name="@AfterSuite afterSuite" time="0.0">
    <ignored/>
  </testcase> <!-- @AfterSuite afterSuite -->
  <testcase classname="com.store.base.baseclass" name="@BeforeSuite loadConfig" time="0.0">
    <ignored/>
  </testcase> <!-- @BeforeSuite loadConfig -->
  <testcase classname="com.store.testcases.AccountcreationpageTest" name="verifyaccountcreationpage" time="0.0">
    <ignored/>
  </testcase> <!-- verifyaccountcreationpage -->
  <testcase classname="com.store.base.baseclass" name="@BeforeSuite loadConfig" time="0.0">
    <ignored/>
  </testcase> <!-- @BeforeSuite loadConfig -->
  <testcase classname="com.store.testcases.AccountcreationpageTest" name="createAccountTest" time="0.0">
    <ignored/>
  </testcase> <!-- createAccountTest -->
  <testcase classname="com.store.base.baseclass" name="@BeforeSuite loadConfig" time="0.0">
    <ignored/>
  </testcase> <!-- @BeforeSuite loadConfig -->
  <testcase classname="com.store.base.baseclass" name="@AfterSuite afterSuite" time="0.0">
    <ignored/>
  </testcase> <!-- @AfterSuite afterSuite -->
  <testcase classname="com.store.base.baseclass" name="@AfterSuite afterSuite" time="0.0">
    <ignored/>
  </testcase> <!-- @AfterSuite afterSuite -->
  <testcase classname="com.store.testcases.Orderpagetest" name="verifytotalpriceaddtocarttest" time="0.0">
    <ignored/>
  </testcase> <!-- verifytotalpriceaddtocarttest -->
  <testcase classname="com.store.testcases.EndtoEndtest" name="addtocarttestE2E" time="0.0">
    <ignored/>
  </testcase> <!-- addtocarttestE2E -->
  <testcase classname="com.store.base.baseclass" name="@AfterSuite afterSuite" time="0.0">
    <ignored/>
  </testcase> <!-- @AfterSuite afterSuite -->
</testsuite> <!-- Smoke -->
